=== Task Board Migration Log ===
Generated: 5/5/2026, 7:32:01 PM

[7:31:52 PM] [•] Initializing migration process...
[7:31:52 PM] [•] 
[7:31:52 PM] [•] [Step 1/4] Creating backup...
[7:31:52 PM] [•] Creating backup of current configuration...
[7:31:53 PM] [✓] ✓ Backup created at the root of the vault with the following name: taskboard-configs-export-2026-05-05T19_31_52.json
[7:31:53 PM] [•] 
[7:31:53 PM] [•] [Step 2/4] Creating board files (.taskboard) ...
[7:31:53 PM] [•] The Task Board's board files (.taskboard) will be created at the following path: Meta/Task_Board/Boards/ [All]
[7:31:53 PM] [✓] ✓ Created directory: Meta/Task_Board/Boards
[7:31:53 PM] [•] Processing 4 boards...
[7:31:54 PM] [✓] ✓ Created: Time Based Workflow [Time Based Workflow]
[7:31:54 PM] [✓] ✓ Created: Tag Based Workflow [Tag Based Workflow]
[7:31:55 PM] [✓] ✓ Created: Status Based Workflow [Status Based Workflow]
[7:31:55 PM] [✓] ✓ Created: Release 2.0.0 [Release 2.0.0]
[7:31:55 PM] [•] 
[7:31:56 PM] [•] [Step 3/4] Migrating map view data...
[7:31:56 PM] [•] Migrating map view data...
[7:31:56 PM] [✓] ✓ Map view data migrated for following board: Time Based Workflow [Time Based Workflow]
[7:31:57 PM] [✓] ✓ Map view data migrated for following board: Tag Based Workflow [Tag Based Workflow]
[7:31:57 PM] [✓] ✓ Map view data migrated for following board: Status Based Workflow [Status Based Workflow]
[7:31:58 PM] [✓] ✓ Map view data migrated for following board: Release 2.0.0 [Release 2.0.0]
[7:31:58 PM] [•] 
[7:31:59 PM] [•] [Step 4/4] Finalizing migration...
[7:31:59 PM] [•] Updating plugin settings...
[7:32:00 PM] [✓] ✓ Plugin settings updated
[7:32:00 PM] [•] 
[7:32:00 PM] [✓] ✓ Migration completed successfully!
[7:32:00 PM] [✓] Migrated 4 boards. You can find them at the following path : Meta/Task_Board/Boards/
[7:32:01 PM] [•] 
[7:32:01 PM] [✓] Backup file will be available at the root of the vault: taskboard-configs-export-2026-05-05T19_31_52.json

=== End of Log ===






=== ERRORS ===
=== End of ERRORS