# Task Board Logs

## System Information

- **Obsidian version**: 1.11.5
- **Installer version**: 1.11.5
- **Operating system**: Windows 10 Home Single Language 10.0.19045
- **Use [[Wikilinks]]**: true
- **Base color scheme**: dark
- **Community theme**: none
- **Snippets enabled**: 0
- **Plugins installed**: 55
- **Plugins enabled**: 
  - Plugin Reloader v0.0.3
  - Task Board v2.0.0-beta-1
  - BRAT v1.4.0
  - Advanced Debug Mode v1.9.1

## Recent Bug Reports

Timestamp : 2026-05-05T19:31:43
ID : 145
Message : 
Context : RealTimeScanner.ts/initializeTasksCache
Version : 2.0.0-beta-2

#### Bug Content
```log
No need to worry if this is appearing on the fresh install.
TypeError [ERR_INVALID_ARG_TYPE]: The "path" argument must be of type string. Received undefined
```

-------------

Timestamp : 2026-05-05T19:35:53
ID : 185
Message : 
Context : TaskBoardView.tsx/onOpen
Version : 2.0.0-beta-2

#### Bug Content
```log
There was an issue with opening the last viewed board. lastViewedBoardData is undefined
```
